0 info it worked if it ends with ok
1 verbose cli [ 'node',
1 verbose cli   '/usr/local/opt/nvm/versions/node/v0.12.5/bin/npm',
1 verbose cli   'start' ]
2 info using npm@2.11.3
3 info using node@v0.12.5
4 verbose stack Error: ENOENT, open '/home/nitrous/code/angular2/chapter04/package.json'
4 verbose stack     at Error (native)
5 verbose cwd /home/nitrous/code/angular2/chapter04
6 error Linux 3.16.0-34-generic
7 error argv "node" "/usr/local/opt/nvm/versions/node/v0.12.5/bin/npm" "start"
8 error node v0.12.5
9 error npm  v2.11.3
10 error path /home/nitrous/code/angular2/chapter04/package.json
11 error code ENOENT
12 error errno -2
13 error enoent ENOENT, open '/home/nitrous/code/angular2/chapter04/package.json'
13 error enoent This is most likely not a problem with npm itself
13 error enoent and is related to npm not being able to find a file.
14 verbose exit [ -2, true ]
